mode: set
campuscore/internal/middleware/auth.go:23.65,25.2 1 1
campuscore/internal/middleware/auth.go:28.72,29.71 1 1
campuscore/internal/middleware/auth.go:29.71,32.17 2 1
campuscore/internal/middleware/auth.go:32.17,37.4 4 1
campuscore/internal/middleware/auth.go:40.3,41.17 2 1
campuscore/internal/middleware/auth.go:41.17,47.4 4 1
campuscore/internal/middleware/auth.go:50.3,53.40 2 1
campuscore/internal/middleware/auth.go:58.104,59.46 1 1
campuscore/internal/middleware/auth.go:59.46,60.72 1 1
campuscore/internal/middleware/auth.go:60.72,63.25 2 1
campuscore/internal/middleware/auth.go:63.25,68.5 4 1
campuscore/internal/middleware/auth.go:70.4,74.38 3 1
campuscore/internal/middleware/auth.go:74.38,75.43 1 1
campuscore/internal/middleware/auth.go:75.43,77.11 2 1
campuscore/internal/middleware/auth.go:82.4,82.20 1 1
campuscore/internal/middleware/auth.go:82.20,87.5 4 1
campuscore/internal/middleware/auth.go:89.4,89.24 1 1
campuscore/internal/middleware/logger.go:15.61,18.2 2 1
campuscore/internal/middleware/logger.go:21.45,22.71 1 1
campuscore/internal/middleware/logger.go:22.71,44.3 5 1
campuscore/internal/middleware/recovery.go:10.47,11.71 1 1
campuscore/internal/middleware/recovery.go:11.71,13.16 1 1
campuscore/internal/middleware/recovery.go:13.16,14.36 1 1
campuscore/internal/middleware/recovery.go:14.36,23.5 5 1
campuscore/internal/middleware/recovery.go:27.3,27.23 1 1
